** Drc report for /home/fac/MeetingHub-4/hardware/KiCad/MeetingHub-4/MeetingHub-4.kicad_pcb **
** Created on 2026-07-22 23:54:46 **

** Found 26 DRC violations **
[silk_overlap]: Silkscreen overlap
    Rule: board setup constraints silk; Severity: warning
    @(78.8100 mm, 200.8800 mm): Reference 'D2'
    @(81.4000 mm, 201.4000 mm): Line on F.Silkscreen
[silk_overlap]: Silkscreen overlap
    Rule: board setup constraints silk; Severity: warning
    @(81.4000 mm, 201.4000 mm): Line on F.Silkscreen
    @(75.0000 mm, 201.2000 mm): Footprint Text 'K' of D2
[silk_overlap]: Silkscreen overlap
    Rule: board setup constraints silk; Severity: warning
    @(103.8100 mm, 200.8800 mm): Reference 'D3'
    @(106.4000 mm, 201.4000 mm): Line on F.Silkscreen
[silk_overlap]: Silkscreen overlap
    Rule: board setup constraints silk; Severity: warning
    @(80.0800 mm, 126.6300 mm): Reference 'R5'
    @(76.1600 mm, 126.9500 mm): Line on F.Silkscreen
[silk_overlap]: Silkscreen overlap
    Rule: board setup constraints silk; Severity: warning
    @(106.4000 mm, 201.4000 mm): Line on F.Silkscreen
    @(100.0000 mm, 201.2000 mm): Footprint Text 'K' of D3
[silk_overlap]: Silkscreen overlap
    Rule: board setup constraints silk; Severity: warning
    @(128.8100 mm, 200.8800 mm): Reference 'D4'
    @(131.4000 mm, 201.4000 mm): Line on F.Silkscreen
[silk_overlap]: Silkscreen overlap
    Rule: board setup constraints silk; Severity: warning
    @(125.0000 mm, 201.2000 mm): Footprint Text 'K' of D4
    @(131.4000 mm, 201.4000 mm): Line on F.Silkscreen
[silk_overlap]: Silkscreen overlap
    Rule: board setup constraints silk; Severity: warning
    @(220.0800 mm, 191.6300 mm): Reference 'R16'
    @(216.1600 mm, 190.9500 mm): Line on F.Silkscreen
[silk_overlap]: Silkscreen overlap
    Rule: board setup constraints silk; Severity: warning
    @(150.0000 mm, 201.2000 mm): Footprint Text 'K' of D5
    @(156.4000 mm, 201.4000 mm): Line on F.Silkscreen
[silk_overlap]: Silkscreen overlap
    Rule: board setup constraints silk; Severity: warning
    @(153.8100 mm, 200.8800 mm): Reference 'D5'
    @(156.4000 mm, 201.4000 mm): Line on F.Silkscreen
[silk_over_copper]: Silkscreen clipped by solder mask
    Local override; Severity: warning
    @(78.8100 mm, 200.8800 mm): Reference 'D2'
[silk_over_copper]: Silkscreen clipped by solder mask
    Local override; Severity: warning
    @(75.0000 mm, 201.2000 mm): Footprint Text 'K' of D2
[silk_over_copper]: Silkscreen clipped by solder mask
    Local override; Severity: warning
    @(153.8100 mm, 200.8800 mm): Reference 'D5'
[silk_over_copper]: Silkscreen clipped by solder mask
    Local override; Severity: warning
    @(150.0000 mm, 201.2000 mm): Footprint Text 'K' of D5
[silk_over_copper]: Silkscreen clipped by solder mask
    Local override; Severity: warning
    @(128.8100 mm, 200.8800 mm): Reference 'D4'
[silk_over_copper]: Silkscreen clipped by solder mask
    Local override; Severity: warning
    @(125.0000 mm, 201.2000 mm): Footprint Text 'K' of D4
[silk_over_copper]: Silkscreen clipped by solder mask
    Local override; Severity: warning
    @(103.8100 mm, 200.8800 mm): Reference 'D3'
[silk_over_copper]: Silkscreen clipped by solder mask
    Local override; Severity: warning
    @(100.0000 mm, 201.2000 mm): Footprint Text 'K' of D3
[lib_footprint_mismatch]: Footprint 'Potentiometer_Alps_RK097_Dual_Horizontal' does not match copy in library 'Potentiometer_THT'.
    Local override; Severity: warning
    @(230.0000 mm, 170.0000 mm): Footprint RV4
[lib_footprint_mismatch]: Footprint 'Potentiometer_Alps_RK097_Dual_Horizontal' does not match copy in library 'Potentiometer_THT'.
    Local override; Severity: warning
    @(270.0000 mm, 170.0000 mm): Footprint RV5
[lib_footprint_mismatch]: Footprint 'Potentiometer_Alps_RK097_Dual_Horizontal' does not match copy in library 'Potentiometer_THT'.
    Local override; Severity: warning
    @(150.0000 mm, 170.0000 mm): Footprint RV2
[lib_footprint_mismatch]: Footprint 'Potentiometer_Alps_RK097_Dual_Horizontal' does not match copy in library 'Potentiometer_THT'.
    Local override; Severity: warning
    @(110.0000 mm, 170.0000 mm): Footprint RV1
[lib_footprint_mismatch]: Footprint 'Potentiometer_Alps_RK097_Dual_Horizontal' does not match copy in library 'Potentiometer_THT'.
    Local override; Severity: warning
    @(190.0000 mm, 170.0000 mm): Footprint RV3
[holes_co_located]: Drilled holes co-located
    Local override; Severity: warning
    @(75.0000 mm, 125.6200 mm): Via [GND] on F.Cu - B.Cu
    @(75.0000 mm, 125.6200 mm): PTH pad 4 [GND] of U1
[holes_co_located]: Drilled holes co-located
    Local override; Severity: warning
    @(75.0000 mm, 125.6200 mm): PTH pad 4 [GND] of U1
    @(75.0000 mm, 125.6200 mm): Via [GND] on F.Cu - B.Cu
[via_dangling]: Via is not connected or connected on only one layer
    Local override; Severity: warning
    @(75.0000 mm, 125.6200 mm): Via [GND] on F.Cu - B.Cu

** Found 2 unconnected pads **
[unconnected_items]: Missing connection between items
    Local override; Severity: error
    @(129.5000 mm, 140.0000 mm): PTH pad 2 [GND] of C4
    @(62.0000 mm, 87.0000 mm): Zone [GND] on B.Cu
[unconnected_items]: Missing connection between items
    Local override; Severity: error
    @(62.0000 mm, 87.0000 mm): Zone [GND] on B.Cu
    @(62.0000 mm, 87.0000 mm): Zone [GND] on B.Cu

** Found 4 Footprint errors **
[extra_footprint]: Extra footprint
    Local override; Severity: warning
    @(66.0000 mm, 91.0000 mm): Footprint MH1
[extra_footprint]: Extra footprint
    Local override; Severity: warning
    @(319.0000 mm, 239.0000 mm): Footprint MH4
[extra_footprint]: Extra footprint
    Local override; Severity: warning
    @(319.0000 mm, 91.0000 mm): Footprint MH2
[extra_footprint]: Extra footprint
    Local override; Severity: warning
    @(66.0000 mm, 239.0000 mm): Footprint MH3

** End of Report **
